{"message":"Listening on port 3001","level":"info"}
{"message":"Listening on port 3001","level":"info"}
{"message":"::1 - - [14/Jan/2018:18:05:38 +0000] \"GET /quizzes HTTP/1.1\" 200 389 \"-\" \"Mozilla/5.0 (Windows NT 10.0; Win64; x64) AppleWebKit/537.36 (KHTML, like Gecko) Chrome/63.0.3239.108 Safari/537.36\"\n","level":"info"}
{"message":"::1 - - [14/Jan/2018:18:05:38 +0000] \"GET /favicon.ico HTTP/1.1\" 404 150 \"http://localhost:3001/quizzes\" \"Mozilla/5.0 (Windows NT 10.0; Win64; x64) AppleWebKit/537.36 (KHTML, like Gecko) Chrome/63.0.3239.108 Safari/537.36\"\n","level":"info"}
{"message":"::1 - - [14/Jan/2018:18:05:50 +0000] \"GET /quizzes HTTP/1.1\" 304 - \"-\" \"Mozilla/5.0 (Windows NT 10.0; Win64; x64) AppleWebKit/537.36 (KHTML, like Gecko) Chrome/63.0.3239.108 Safari/537.36\"\n","level":"info"}
{"message":"Listening on port 3001","level":"info"}
{"message":"::1 - - [15/Jan/2018:16:55:45 +0000] \"GET / HTTP/1.1\" 404 139 \"-\" \"Mozilla/5.0 (Windows NT 10.0; Win64; x64) AppleWebKit/537.36 (KHTML, like Gecko) Chrome/63.0.3239.132 Safari/537.36\"\n","level":"info"}
{"message":"::1 - - [15/Jan/2018:16:55:46 +0000] \"GET /favicon.ico HTTP/1.1\" 404 150 \"http://localhost:3001/\" \"Mozilla/5.0 (Windows NT 10.0; Win64; x64) AppleWebKit/537.36 (KHTML, like Gecko) Chrome/63.0.3239.132 Safari/537.36\"\n","level":"info"}
{"message":"::1 - - [15/Jan/2018:16:55:53 +0000] \"GET /quizzes HTTP/1.1\" 304 - \"-\" \"Mozilla/5.0 (Windows NT 10.0; Win64; x64) AppleWebKit/537.36 (KHTML, like Gecko) Chrome/63.0.3239.132 Safari/537.36\"\n","level":"info"}
{"message":{},"level":"error"}
{"message":{},"level":"error"}
{"message":{},"level":"error"}
{"message":{},"level":"error"}
{"name":"MongoNetworkError","message":"failed to connect to server [192.168.10.85:27017] on first connect [MongoNetworkError: connect ECONNREFUSED 192.168.10.85:27017]","level":"error"}
{"name":"MongoNetworkError","message":"failed to connect to server [192.168.10.85:27017] on first connect [MongoNetworkError: connect ECONNREFUSED 192.168.10.85:27017]","level":"error"}
{"message":"Listening on port 3001","level":"info"}
{"name":"MongoNetworkError","message":"failed to connect to server [mongo:27017] on first connect [MongoNetworkError: getaddrinfo ENOTFOUND mongo mongo:27017]","level":"error"}
{"message":"Listening on port 3001","level":"info"}
{"message":"::1 - - [16/Jan/2018:07:39:16 +0000] \"GET / HTTP/1.1\" 404 139 \"-\" \"Mozilla/5.0 (Windows NT 10.0; Win64; x64) AppleWebKit/537.36 (KHTML, like Gecko) Chrome/63.0.3239.132 Safari/537.36\"\n","level":"info"}
{"message":"::1 - - [16/Jan/2018:07:39:22 +0000] \"GET /quizzes HTTP/1.1\" 304 - \"-\" \"Mozilla/5.0 (Windows NT 10.0; Win64; x64) AppleWebKit/537.36 (KHTML, like Gecko) Chrome/63.0.3239.132 Safari/537.36\"\n","level":"info"}
{"message":"Listening on port 3001","level":"info"}
{"message":"::1 - - [16/Jan/2018:14:59:40 +0000] \"GET /quizzes HTTP/1.1\" 200 389 \"-\" \"Mozilla/5.0 (Windows NT 10.0; Win64; x64) AppleWebKit/537.36 (KHTML, like Gecko) Chrome/63.0.3239.132 Safari/537.36\"\n","level":"info"}
{"message":"::1 - - [16/Jan/2018:15:00:57 +0000] \"GET /quizzes HTTP/1.1\" 200 2 \"-\" \"Mozilla/5.0 (Windows NT 10.0; Win64; x64) AppleWebKit/537.36 (KHTML, like Gecko) Chrome/63.0.3239.132 Safari/537.36\"\n","level":"info"}
{"message":"::1 - - [16/Jan/2018:15:01:15 +0000] \"GET /setup HTTP/1.1\" 200 312 \"-\" \"Mozilla/5.0 (Windows NT 10.0; Win64; x64) AppleWebKit/537.36 (KHTML, like Gecko) Chrome/63.0.3239.132 Safari/537.36\"\n","level":"info"}
{"message":"Listening on port 3001","level":"info"}
{"message":"Listening on port 3001","level":"info"}
{"message":"Unexpected error exception: TypeError: Cannot read property 'then' of undefined","level":"error"}
{"message":"::1 - - [16/Jan/2018:15:10:40 +0000] \"GET /setup HTTP/1.1\" 500 28 \"-\" \"Mozilla/5.0 (Windows NT 10.0; Win64; x64) AppleWebKit/537.36 (KHTML, like Gecko) Chrome/63.0.3239.132 Safari/537.36\"\n","level":"info"}
{"message":"Listening on port 3001","level":"info"}
{"message":"Unexpected error exception: TypeError: Cannot read property 'then' of undefined","level":"error"}
{"message":"::1 - - [16/Jan/2018:15:11:43 +0000] \"GET /setup HTTP/1.1\" 500 28 \"-\" \"Mozilla/5.0 (Windows NT 10.0; Win64; x64) AppleWebKit/537.36 (KHTML, like Gecko) Chrome/63.0.3239.132 Safari/537.36\"\n","level":"info"}
{"message":"Listening on port 3001","level":"info"}
{"message":"Unexpected error exception: TypeError: Cannot read property 'then' of undefined","level":"error"}
{"message":"::1 - - [16/Jan/2018:15:14:10 +0000] \"GET /setup HTTP/1.1\" 500 28 \"-\" \"Mozilla/5.0 (Windows NT 10.0; Win64; x64) AppleWebKit/537.36 (KHTML, like Gecko) Chrome/63.0.3239.132 Safari/537.36\"\n","level":"info"}
{"message":"Listening on port 3001","level":"info"}
{"message":"Unexpected error exception: TypeError: Cannot read property 'then' of undefined","level":"error"}
{"message":"::1 - - [16/Jan/2018:15:17:02 +0000] \"GET /setup HTTP/1.1\" 500 28 \"-\" \"Mozilla/5.0 (Windows NT 10.0; Win64; x64) AppleWebKit/537.36 (KHTML, like Gecko) Chrome/63.0.3239.132 Safari/537.36\"\n","level":"info"}
{"message":"Unexpected error exception: TypeError: Cannot read property 'then' of undefined","level":"error"}
{"message":"::1 - - [16/Jan/2018:15:17:11 +0000] \"GET /setup HTTP/1.1\" 500 28 \"-\" \"Mozilla/5.0 (Windows NT 10.0; Win64; x64) AppleWebKit/537.36 (KHTML, like Gecko) Chrome/63.0.3239.132 Safari/537.36\"\n","level":"info"}
{"message":"Listening on port 3001","level":"info"}
{"message":"Unexpected error exception: TypeError: Cannot read property 'then' of undefined","level":"error"}
{"message":"::1 - - [16/Jan/2018:15:36:22 +0000] \"GET /setup HTTP/1.1\" 500 28 \"-\" \"Mozilla/5.0 (Windows NT 10.0; Win64; x64) AppleWebKit/537.36 (KHTML, like Gecko) Chrome/63.0.3239.132 Safari/537.36\"\n","level":"info"}
{"message":"Listening on port 3001","level":"info"}
{"message":"Unexpected error exception: TypeError: Cannot read property 'then' of undefined","level":"error"}
{"message":"::1 - - [16/Jan/2018:15:39:20 +0000] \"GET /setup HTTP/1.1\" 500 28 \"-\" \"Mozilla/5.0 (Windows NT 10.0; Win64; x64) AppleWebKit/537.36 (KHTML, like Gecko) Chrome/63.0.3239.132 Safari/537.36\"\n","level":"info"}
{"message":"Listening on port 3001","level":"info"}
{"message":"Listening on port 3001","level":"info"}
{"message":"Unexpected error exception: TypeError: Cannot read property 'then' of undefined","level":"error"}
{"message":"Listening on port 3001","level":"info"}
{"message":"::1 - - [16/Jan/2018:15:48:56 +0000] \"GET /setup HTTP/1.1\" 200 94 \"-\" \"Mozilla/5.0 (Windows NT 10.0; Win64; x64) AppleWebKit/537.36 (KHTML, like Gecko) Chrome/63.0.3239.132 Safari/537.36\"\n","level":"info"}
{"message":"Listening on port 3001","level":"info"}
{"message":"::1 - - [16/Jan/2018:15:49:25 +0000] \"GET /setup HTTP/1.1\" 500 56 \"-\" \"Mozilla/5.0 (Windows NT 10.0; Win64; x64) AppleWebKit/537.36 (KHTML, like Gecko) Chrome/63.0.3239.132 Safari/537.36\"\n","level":"info"}
{"message":"Listening on port 3001","level":"info"}
{"message":"::1 - - [16/Jan/2018:16:00:42 +0000] \"GET /setup HTTP/1.1\" 200 94 \"-\" \"Mozilla/5.0 (Windows NT 10.0; Win64; x64) AppleWebKit/537.36 (KHTML, like Gecko) Chrome/63.0.3239.132 Safari/537.36\"\n","level":"info"}
{"message":"Listening on port 3001","level":"info"}
{"message":"Listening on port 3001","level":"info"}
{"message":"Listening on port 3001","level":"info"}
{"message":"::1 - - [16/Jan/2018:16:17:03 +0000] \"GET /setup HTTP/1.1\" 200 94 \"-\" \"Mozilla/5.0 (Windows NT 10.0; Win64; x64) AppleWebKit/537.36 (KHTML, like Gecko) Chrome/63.0.3239.132 Safari/537.36\"\n","level":"info"}
{"message":"::1 - - [16/Jan/2018:16:17:14 +0000] \"GET /quizzes HTTP/1.1\" 200 1521 \"-\" \"Mozilla/5.0 (Windows NT 10.0; Win64; x64) AppleWebKit/537.36 (KHTML, like Gecko) Chrome/63.0.3239.132 Safari/537.36\"\n","level":"info"}
{"message":"::1 - - [16/Jan/2018:16:17:54 +0000] \"GET /quizzes/5a5e257ca30fbf4250eba601/questions HTTP/1.1\" 200 2 \"-\" \"Mozilla/5.0 (Windows NT 10.0; Win64; x64) AppleWebKit/537.36 (KHTML, like Gecko) Chrome/63.0.3239.132 Safari/537.36\"\n","level":"info"}
{"message":"Listening on port 3001","level":"info"}
{"message":"::1 - - [16/Jan/2018:16:20:43 +0000] \"GET /setup HTTP/1.1\" 200 610 \"-\" \"Mozilla/5.0 (Windows NT 10.0; Win64; x64) AppleWebKit/537.36 (KHTML, like Gecko) Chrome/63.0.3239.132 Safari/537.36\"\n","level":"info"}
{"message":"::1 - - [16/Jan/2018:16:20:58 +0000] \"GET /quizzes/5a5e257ca30fbf4250eba601/questions HTTP/1.1\" 304 - \"-\" \"Mozilla/5.0 (Windows NT 10.0; Win64; x64) AppleWebKit/537.36 (KHTML, like Gecko) Chrome/63.0.3239.132 Safari/537.36\"\n","level":"info"}
{"message":"::1 - - [16/Jan/2018:16:21:22 +0000] \"GET /quizzes/5a5e257ca30fbf4250eba601/questions HTTP/1.1\" 304 - \"-\" \"Mozilla/5.0 (Windows NT 10.0; Win64; x64) AppleWebKit/537.36 (KHTML, like Gecko) Chrome/63.0.3239.132 Safari/537.36\"\n","level":"info"}
{"message":"::1 - - [16/Jan/2018:16:22:16 +0000] \"GET /setup HTTP/1.1\" 500 129 \"-\" \"Mozilla/5.0 (Windows NT 10.0; Win64; x64) AppleWebKit/537.36 (KHTML, like Gecko) Chrome/63.0.3239.132 Safari/537.36\"\n","level":"info"}
{"message":"::1 - - [16/Jan/2018:16:22:39 +0000] \"GET /setup HTTP/1.1\" 500 129 \"-\" \"Mozilla/5.0 (Windows NT 10.0; Win64; x64) AppleWebKit/537.36 (KHTML, like Gecko) Chrome/63.0.3239.132 Safari/537.36\"\n","level":"info"}
{"message":"Listening on port 3001","level":"info"}
{"message":"::1 - - [16/Jan/2018:16:22:56 +0000] \"GET /setup HTTP/1.1\" 200 610 \"-\" \"Mozilla/5.0 (Windows NT 10.0; Win64; x64) AppleWebKit/537.36 (KHTML, like Gecko) Chrome/63.0.3239.132 Safari/537.36\"\n","level":"info"}
{"message":"::1 - - [16/Jan/2018:16:23:01 +0000] \"GET /quizzes/ HTTP/1.1\" 200 813 \"-\" \"Mozilla/5.0 (Windows NT 10.0; Win64; x64) AppleWebKit/537.36 (KHTML, like Gecko) Chrome/63.0.3239.132 Safari/537.36\"\n","level":"info"}
{"message":"::1 - - [16/Jan/2018:16:24:34 +0000] \"GET /quizzes/ HTTP/1.1\" 304 - \"-\" \"Mozilla/5.0 (Windows NT 10.0; Win64; x64) AppleWebKit/537.36 (KHTML, like Gecko) Chrome/63.0.3239.132 Safari/537.36\"\n","level":"info"}
{"message":"::1 - - [16/Jan/2018:16:26:37 +0000] \"GET /setup HTTP/1.1\" 500 129 \"-\" \"Mozilla/5.0 (Windows NT 10.0; Win64; x64) AppleWebKit/537.36 (KHTML, like Gecko) Chrome/63.0.3239.132 Safari/537.36\"\n","level":"info"}
{"message":"::1 - - [16/Jan/2018:16:27:31 +0000] \"GET /quizzes/ HTTP/1.1\" 304 - \"-\" \"Mozilla/5.0 (Windows NT 10.0; Win64; x64) AppleWebKit/537.36 (KHTML, like Gecko) Chrome/63.0.3239.132 Safari/537.36\"\n","level":"info"}
{"message":"::1 - - [16/Jan/2018:16:27:37 +0000] \"GET /setup HTTP/1.1\" 500 129 \"-\" \"Mozilla/5.0 (Windows NT 10.0; Win64; x64) AppleWebKit/537.36 (KHTML, like Gecko) Chrome/63.0.3239.132 Safari/537.36\"\n","level":"info"}
{"message":"::1 - - [16/Jan/2018:16:27:39 +0000] \"GET /quizzes/ HTTP/1.1\" 304 - \"-\" \"Mozilla/5.0 (Windows NT 10.0; Win64; x64) AppleWebKit/537.36 (KHTML, like Gecko) Chrome/63.0.3239.132 Safari/537.36\"\n","level":"info"}
{"message":"::1 - - [16/Jan/2018:16:27:45 +0000] \"GET /setup HTTP/1.1\" 500 129 \"-\" \"Mozilla/5.0 (Windows NT 10.0; Win64; x64) AppleWebKit/537.36 (KHTML, like Gecko) Chrome/63.0.3239.132 Safari/537.36\"\n","level":"info"}
{"message":"::1 - - [16/Jan/2018:16:27:46 +0000] \"GET /quizzes/ HTTP/1.1\" 304 - \"-\" \"Mozilla/5.0 (Windows NT 10.0; Win64; x64) AppleWebKit/537.36 (KHTML, like Gecko) Chrome/63.0.3239.132 Safari/537.36\"\n","level":"info"}
{"message":"Listening on port 3001","level":"info"}
{"message":"::1 - - [16/Jan/2018:16:28:23 +0000] \"GET /quizzes/ HTTP/1.1\" 304 - \"-\" \"Mozilla/5.0 (Windows NT 10.0; Win64; x64) AppleWebKit/537.36 (KHTML, like Gecko) Chrome/63.0.3239.132 Safari/537.36\"\n","level":"info"}
{"message":"::1 - - [16/Jan/2018:16:28:42 +0000] \"GET /setup HTTP/1.1\" 200 610 \"-\" \"Mozilla/5.0 (Windows NT 10.0; Win64; x64) AppleWebKit/537.36 (KHTML, like Gecko) Chrome/63.0.3239.132 Safari/537.36\"\n","level":"info"}
{"message":"::1 - - [16/Jan/2018:16:28:49 +0000] \"GET /quizzes/ HTTP/1.1\" 200 965 \"-\" \"Mozilla/5.0 (Windows NT 10.0; Win64; x64) AppleWebKit/537.36 (KHTML, like Gecko) Chrome/63.0.3239.132 Safari/537.36\"\n","level":"info"}
{"message":"::1 - - [16/Jan/2018:16:29:06 +0000] \"GET /setup HTTP/1.1\" 500 129 \"-\" \"Mozilla/5.0 (Windows NT 10.0; Win64; x64) AppleWebKit/537.36 (KHTML, like Gecko) Chrome/63.0.3239.132 Safari/537.36\"\n","level":"info"}
{"message":"::1 - - [16/Jan/2018:16:29:47 +0000] \"GET /setup HTTP/1.1\" 500 129 \"-\" \"Mozilla/5.0 (Windows NT 10.0; Win64; x64) AppleWebKit/537.36 (KHTML, like Gecko) Chrome/63.0.3239.132 Safari/537.36\"\n","level":"info"}
{"message":"Listening on port 3001","level":"info"}
{"message":"::1 - - [16/Jan/2018:16:36:36 +0000] \"GET /setup HTTP/1.1\" 200 610 \"-\" \"Mozilla/5.0 (Windows NT 10.0; Win64; x64) AppleWebKit/537.36 (KHTML, like Gecko) Chrome/63.0.3239.132 Safari/537.36\"\n","level":"info"}
{"message":"::1 - - [16/Jan/2018:16:36:37 +0000] \"GET /setup HTTP/1.1\" 500 41 \"-\" \"Mozilla/5.0 (Windows NT 10.0; Win64; x64) AppleWebKit/537.36 (KHTML, like Gecko) Chrome/63.0.3239.132 Safari/537.36\"\n","level":"info"}
{"message":"::1 - - [16/Jan/2018:16:36:42 +0000] \"GET /setup HTTP/1.1\" 500 41 \"-\" \"Mozilla/5.0 (Windows NT 10.0; Win64; x64) AppleWebKit/537.36 (KHTML, like Gecko) Chrome/63.0.3239.132 Safari/537.36\"\n","level":"info"}
{"message":"Listening on port 3001","level":"info"}
{"message":"::1 - - [16/Jan/2018:16:37:20 +0000] \"GET /setup HTTP/1.1\" 200 610 \"-\" \"Mozilla/5.0 (Windows NT 10.0; Win64; x64) AppleWebKit/537.36 (KHTML, like Gecko) Chrome/63.0.3239.132 Safari/537.36\"\n","level":"info"}
{"message":"::1 - - [16/Jan/2018:16:37:26 +0000] \"GET /setup HTTP/1.1\" 500 41 \"-\" \"Mozilla/5.0 (Windows NT 10.0; Win64; x64) AppleWebKit/537.36 (KHTML, like Gecko) Chrome/63.0.3239.132 Safari/537.36\"\n","level":"info"}
{"message":"Listening on port 3001","level":"info"}
{"message":"::1 - - [16/Jan/2018:16:51:36 +0000] \"GET /quizzes/ HTTP/1.1\" 200 1269 \"-\" \"Mozilla/5.0 (Windows NT 10.0; Win64; x64) AppleWebKit/537.36 (KHTML, like Gecko) Chrome/63.0.3239.132 Safari/537.36\"\n","level":"info"}
{"message":"::1 - - [16/Jan/2018:16:51:41 +0000] \"GET /quizzes/ HTTP/1.1\" 304 - \"-\" \"Mozilla/5.0 (Windows NT 10.0; Win64; x64) AppleWebKit/537.36 (KHTML, like Gecko) Chrome/63.0.3239.132 Safari/537.36\"\n","level":"info"}
{"message":"::1 - - [16/Jan/2018:16:51:43 +0000] \"GET /quizzes/ HTTP/1.1\" 304 - \"-\" \"Mozilla/5.0 (Windows NT 10.0; Win64; x64) AppleWebKit/537.36 (KHTML, like Gecko) Chrome/63.0.3239.132 Safari/537.36\"\n","level":"info"}
{"message":"::1 - - [16/Jan/2018:16:51:59 +0000] \"GET /quizzes/ HTTP/1.1\" 304 - \"-\" \"Mozilla/5.0 (Windows NT 10.0; Win64; x64) AppleWebKit/537.36 (KHTML, like Gecko) Chrome/63.0.3239.132 Safari/537.36\"\n","level":"info"}
{"message":"Listening on port 3001","level":"info"}
{"message":"::1 - - [16/Jan/2018:16:52:18 +0000] \"GET /quizzes/ HTTP/1.1\" 304 - \"-\" \"Mozilla/5.0 (Windows NT 10.0; Win64; x64) AppleWebKit/537.36 (KHTML, like Gecko) Chrome/63.0.3239.132 Safari/537.36\"\n","level":"info"}
{"message":"::1 - - [16/Jan/2018:16:53:56 +0000] \"GET /quizzes/ HTTP/1.1\" 200 2 \"-\" \"Mozilla/5.0 (Windows NT 10.0; Win64; x64) AppleWebKit/537.36 (KHTML, like Gecko) Chrome/63.0.3239.132 Safari/537.36\"\n","level":"info"}
{"message":"::1 - - [16/Jan/2018:16:54:01 +0000] \"GET /setup HTTP/1.1\" 200 610 \"-\" \"Mozilla/5.0 (Windows NT 10.0; Win64; x64) AppleWebKit/537.36 (KHTML, like Gecko) Chrome/63.0.3239.132 Safari/537.36\"\n","level":"info"}
{"message":"::1 - - [16/Jan/2018:16:54:04 +0000] \"GET /quizzes/ HTTP/1.1\" 200 153 \"-\" \"Mozilla/5.0 (Windows NT 10.0; Win64; x64) AppleWebKit/537.36 (KHTML, like Gecko) Chrome/63.0.3239.132 Safari/537.36\"\n","level":"info"}
{"message":"::1 - - [16/Jan/2018:16:54:07 +0000] \"GET /quizzes/ HTTP/1.1\" 304 - \"-\" \"Mozilla/5.0 (Windows NT 10.0; Win64; x64) AppleWebKit/537.36 (KHTML, like Gecko) Chrome/63.0.3239.132 Safari/537.36\"\n","level":"info"}
{"message":"::1 - - [16/Jan/2018:16:54:11 +0000] \"GET /setup HTTP/1.1\" 500 41 \"-\" \"Mozilla/5.0 (Windows NT 10.0; Win64; x64) AppleWebKit/537.36 (KHTML, like Gecko) Chrome/63.0.3239.132 Safari/537.36\"\n","level":"info"}
{"message":"::1 - - [16/Jan/2018:16:54:13 +0000] \"GET /quizzes/ HTTP/1.1\" 304 - \"-\" \"Mozilla/5.0 (Windows NT 10.0; Win64; x64) AppleWebKit/537.36 (KHTML, like Gecko) Chrome/63.0.3239.132 Safari/537.36\"\n","level":"info"}
{"message":"::1 - - [16/Jan/2018:16:54:33 +0000] \"GET /quizzes/5a5e2e29b5ec34342c633d8f/questions HTTP/1.1\" 200 482 \"-\" \"Mozilla/5.0 (Windows NT 10.0; Win64; x64) AppleWebKit/537.36 (KHTML, like Gecko) Chrome/63.0.3239.132 Safari/537.36\"\n","level":"info"}
{"message":"Listening on port 3001","level":"info"}
{"message":"::1 - - [16/Jan/2018:17:13:37 +0000] \"GET /setup HTTP/1.1\" 200 1846 \"-\" \"Mozilla/5.0 (Windows NT 10.0; Win64; x64) AppleWebKit/537.36 (KHTML, like Gecko) Chrome/63.0.3239.132 Safari/537.36\"\n","level":"info"}
{"message":"::1 - - [16/Jan/2018:17:13:47 +0000] \"GET /quizzes HTTP/1.1\" 200 153 \"-\" \"Mozilla/5.0 (Windows NT 10.0; Win64; x64) AppleWebKit/537.36 (KHTML, like Gecko) Chrome/63.0.3239.132 Safari/537.36\"\n","level":"info"}
{"message":"::1 - - [16/Jan/2018:17:14:11 +0000] \"GET /quizzes/5a5e329de9b2bc3908dd64b2/questions HTTP/1.1\" 200 482 \"-\" \"Mozilla/5.0 (Windows NT 10.0; Win64; x64) AppleWebKit/537.36 (KHTML, like Gecko) Chrome/63.0.3239.132 Safari/537.36\"\n","level":"info"}
{"message":"::1 - - [16/Jan/2018:17:14:24 +0000] \"GET /quizzes/5a5e329de9b2bc3908dd64b3/questions HTTP/1.1\" 200 667 \"-\" \"Mozilla/5.0 (Windows NT 10.0; Win64; x64) AppleWebKit/537.36 (KHTML, like Gecko) Chrome/63.0.3239.132 Safari/537.36\"\n","level":"info"}
{"message":"::1 - - [16/Jan/2018:17:14:36 +0000] \"GET /quizzes/5a5e329de9b2bc3908dd64b4/questions HTTP/1.1\" 200 416 \"-\" \"Mozilla/5.0 (Windows NT 10.0; Win64; x64) AppleWebKit/537.36 (KHTML, like Gecko) Chrome/63.0.3239.132 Safari/537.36\"\n","level":"info"}
{"message":"Listening on port 3001","level":"info"}
{"message":"::1 - - [16/Jan/2018:17:42:28 +0000] \"GET /setup HTTP/1.1\" 500 81 \"-\" \"Mozilla/5.0 (Windows NT 10.0; Win64; x64) AppleWebKit/537.36 (KHTML, like Gecko) Chrome/63.0.3239.132 Safari/537.36\"\n","level":"info"}
{"message":"Listening on port 3001","level":"info"}
{"message":"::1 - - [16/Jan/2018:17:46:54 +0000] \"GET /setup HTTP/1.1\" 500 82 \"-\" \"Mozilla/5.0 (Windows NT 10.0; Win64; x64) AppleWebKit/537.36 (KHTML, like Gecko) Chrome/63.0.3239.132 Safari/537.36\"\n","level":"info"}
{"message":"Listening on port 3001","level":"info"}
{"message":"::1 - - [16/Jan/2018:17:57:13 +0000] \"GET /setup HTTP/1.1\" 200 1846 \"-\" \"Mozilla/5.0 (Windows NT 10.0; Win64; x64) AppleWebKit/537.36 (KHTML, like Gecko) Chrome/63.0.3239.132 Safari/537.36\"\n","level":"info"}
{"message":"::1 - - [16/Jan/2018:17:57:17 +0000] \"GET /setup HTTP/1.1\" 500 129 \"-\" \"Mozilla/5.0 (Windows NT 10.0; Win64; x64) AppleWebKit/537.36 (KHTML, like Gecko) Chrome/63.0.3239.132 Safari/537.36\"\n","level":"info"}
{"message":"Listening on port 3001","level":"info"}
{"message":"::1 - - [16/Jan/2018:17:57:50 +0000] \"GET /setup HTTP/1.1\" 200 1846 \"-\" \"Mozilla/5.0 (Windows NT 10.0; Win64; x64) AppleWebKit/537.36 (KHTML, like Gecko) Chrome/63.0.3239.132 Safari/537.36\"\n","level":"info"}
{"message":"::1 - - [16/Jan/2018:17:58:14 +0000] \"GET /setup HTTP/1.1\" 500 129 \"-\" \"Mozilla/5.0 (Windows NT 10.0; Win64; x64) AppleWebKit/537.36 (KHTML, like Gecko) Chrome/63.0.3239.132 Safari/537.36\"\n","level":"info"}
{"message":"Listening on port 3001","level":"info"}
{"message":"::1 - - [16/Jan/2018:17:58:23 +0000] \"GET /setup HTTP/1.1\" 200 1846 \"-\" \"Mozilla/5.0 (Windows NT 10.0; Win64; x64) AppleWebKit/537.36 (KHTML, like Gecko) Chrome/63.0.3239.132 Safari/537.36\"\n","level":"info"}
{"message":"::1 - - [16/Jan/2018:17:58:26 +0000] \"GET /setup HTTP/1.1\" 500 129 \"-\" \"Mozilla/5.0 (Windows NT 10.0; Win64; x64) AppleWebKit/537.36 (KHTML, like Gecko) Chrome/63.0.3239.132 Safari/537.36\"\n","level":"info"}
{"message":"Listening on port 3001","level":"info"}
{"message":"Listening on port 3001","level":"info"}
{"message":"::1 - - [16/Jan/2018:18:22:35 +0000] \"GET /setup HTTP/1.1\" 500 54 \"-\" \"Mozilla/5.0 (Windows NT 10.0; Win64; x64) AppleWebKit/537.36 (KHTML, like Gecko) Chrome/63.0.3239.132 Safari/537.36\"\n","level":"info"}
{"message":"Listening on port 3001","level":"info"}
{"message":"Listening on port 3001","level":"info"}
{"message":"::1 - - [17/Jan/2018:09:28:01 +0000] \"GET /setup HTTP/1.1\" 500 54 \"-\" \"Mozilla/5.0 (Windows NT 10.0; Win64; x64) AppleWebKit/537.36 (KHTML, like Gecko) Chrome/63.0.3239.132 Safari/537.36\"\n","level":"info"}
{"message":"::1 - - [17/Jan/2018:09:29:14 +0000] \"GET /quizzes HTTP/1.1\" 200 153 \"-\" \"Mozilla/5.0 (Windows NT 10.0; Win64; x64) AppleWebKit/537.36 (KHTML, like Gecko) Chrome/63.0.3239.132 Safari/537.36\"\n","level":"info"}
{"message":"::1 - - [17/Jan/2018:09:29:35 +0000] \"GET /setup HTTP/1.1\" 500 54 \"-\" \"Mozilla/5.0 (Windows NT 10.0; Win64; x64) AppleWebKit/537.36 (KHTML, like Gecko) Chrome/63.0.3239.132 Safari/537.36\"\n","level":"info"}
{"message":"Listening on port 3001","level":"info"}
{"message":"::1 - - [17/Jan/2018:09:30:03 +0000] \"GET /setup HTTP/1.1\" 200 1846 \"-\" \"Mozilla/5.0 (Windows NT 10.0; Win64; x64) AppleWebKit/537.36 (KHTML, like Gecko) Chrome/63.0.3239.132 Safari/537.36\"\n","level":"info"}
{"message":"::1 - - [17/Jan/2018:09:30:10 +0000] \"GET /quizzes HTTP/1.1\" 200 153 \"-\" \"Mozilla/5.0 (Windows NT 10.0; Win64; x64) AppleWebKit/537.36 (KHTML, like Gecko) Chrome/63.0.3239.132 Safari/537.36\"\n","level":"info"}
{"message":"::1 - - [17/Jan/2018:09:30:22 +0000] \"GET /quizzes/5a5f179b1bec3a3908de260b/questions HTTP/1.1\" 200 667 \"-\" \"Mozilla/5.0 (Windows NT 10.0; Win64; x64) AppleWebKit/537.36 (KHTML, like Gecko) Chrome/63.0.3239.132 Safari/537.36\"\n","level":"info"}
{"message":"::1 - - [17/Jan/2018:09:30:35 +0000] \"GET /quizzes/5a5f179b1bec3a3908de260c/questions HTTP/1.1\" 200 416 \"-\" \"Mozilla/5.0 (Windows NT 10.0; Win64; x64) AppleWebKit/537.36 (KHTML, like Gecko) Chrome/63.0.3239.132 Safari/537.36\"\n","level":"info"}
{"message":"::1 - - [17/Jan/2018:09:31:34 +0000] \"GET /setup HTTP/1.1\" 500 54 \"-\" \"Mozilla/5.0 (Windows NT 10.0; Win64; x64) AppleWebKit/537.36 (KHTML, like Gecko) Chrome/63.0.3239.132 Safari/537.36\"\n","level":"info"}
{"message":"::1 - - [17/Jan/2018:09:32:18 +0000] \"GET /setup HTTP/1.1\" 500 54 \"-\" \"Mozilla/5.0 (Windows NT 10.0; Win64; x64) AppleWebKit/537.36 (KHTML, like Gecko) Chrome/63.0.3239.132 Safari/537.36\"\n","level":"info"}
{"message":"Listening on port 3001","level":"info"}
{"message":"::1 - - [17/Jan/2018:09:39:08 +0000] \"GET /setup HTTP/1.1\" 200 36 \"-\" \"Mozilla/5.0 (Windows NT 10.0; Win64; x64) AppleWebKit/537.36 (KHTML, like Gecko) Chrome/63.0.3239.132 Safari/537.36\"\n","level":"info"}
{"message":"Listening on port 3001","level":"info"}
{"message":"::ffff:127.0.0.1 - - [17/Jan/2018:09:39:50 +0000] \"GET /setup HTTP/1.1\" 200 36 \"-\" \"Mozilla/5.0 (Windows NT 10.0; Win64; x64) AppleWebKit/537.36 (KHTML, like Gecko) Chrome/63.0.3239.132 Safari/537.36\"\n","level":"info"}
{"message":"Listening on port 3001","level":"info"}
{"message":"::1 - - [17/Jan/2018:09:44:43 +0000] \"GET /setup HTTP/1.1\" 200 36 \"-\" \"Mozilla/5.0 (Windows NT 10.0; Win64; x64) AppleWebKit/537.36 (KHTML, like Gecko) Chrome/63.0.3239.132 Safari/537.36\"\n","level":"info"}
{"message":"::1 - - [17/Jan/2018:09:45:29 +0000] \"GET /setup HTTP/1.1\" 200 1846 \"-\" \"Mozilla/5.0 (Windows NT 10.0; Win64; x64) AppleWebKit/537.36 (KHTML, like Gecko) Chrome/63.0.3239.132 Safari/537.36\"\n","level":"info"}
{"message":"Listening on port 3001","level":"info"}
{"message":"::1 - - [18/Jan/2018:21:12:52 +0000] \"GET /setup HTTP/1.1\" 200 1312 \"-\" \"Mozilla/5.0 (Windows NT 10.0; Win64; x64) AppleWebKit/537.36 (KHTML, like Gecko) Chrome/63.0.3239.132 Safari/537.36\"\n","level":"info"}
{"message":"::1 - - [18/Jan/2018:21:12:56 +0000] \"GET /setup HTTP/1.1\" 200 36 \"-\" \"Mozilla/5.0 (Windows NT 10.0; Win64; x64) AppleWebKit/537.36 (KHTML, like Gecko) Chrome/63.0.3239.132 Safari/537.36\"\n","level":"info"}
{"message":"Listening on port 3001","level":"info"}
{"message":"::1 - - [18/Jan/2018:21:14:05 +0000] \"GET /setup HTTP/1.1\" 304 - \"-\" \"Mozilla/5.0 (Windows NT 10.0; Win64; x64) AppleWebKit/537.36 (KHTML, like Gecko) Chrome/63.0.3239.132 Safari/537.36\"\n","level":"info"}
{"message":"::1 - - [18/Jan/2018:21:14:08 +0000] \"GET /setup HTTP/1.1\" 304 - \"-\" \"Mozilla/5.0 (Windows NT 10.0; Win64; x64) AppleWebKit/537.36 (KHTML, like Gecko) Chrome/63.0.3239.132 Safari/537.36\"\n","level":"info"}
{"message":"Listening on port 3001","level":"info"}
{"message":"::1 - - [18/Jan/2018:21:15:11 +0000] \"GET /setup HTTP/1.1\" 304 - \"-\" \"Mozilla/5.0 (Windows NT 10.0; Win64; x64) AppleWebKit/537.36 (KHTML, like Gecko) Chrome/63.0.3239.132 Safari/537.36\"\n","level":"info"}
{"message":"Listening on port 3001","level":"info"}
{"message":"::1 - - [18/Jan/2018:21:17:03 +0000] \"GET /setup HTTP/1.1\" 304 - \"-\" \"Mozilla/5.0 (Windows NT 10.0; Win64; x64) AppleWebKit/537.36 (KHTML, like Gecko) Chrome/63.0.3239.132 Safari/537.36\"\n","level":"info"}
{"message":"::1 - - [18/Jan/2018:21:17:13 +0000] \"GET /setup HTTP/1.1\" 304 - \"-\" \"Mozilla/5.0 (Windows NT 10.0; Win64; x64) AppleWebKit/537.36 (KHTML, like Gecko) Chrome/63.0.3239.132 Safari/537.36\"\n","level":"info"}
{"message":"::1 - - [18/Jan/2018:21:17:28 +0000] \"GET /setup HTTP/1.1\" 304 - \"-\" \"Mozilla/5.0 (Windows NT 10.0; Win64; x64) AppleWebKit/537.36 (KHTML, like Gecko) Chrome/63.0.3239.132 Safari/537.36\"\n","level":"info"}
{"message":"::1 - - [18/Jan/2018:21:18:06 +0000] \"GET /setup HTTP/1.1\" 304 - \"-\" \"Mozilla/5.0 (Windows NT 10.0; Win64; x64) AppleWebKit/537.36 (KHTML, like Gecko) Chrome/63.0.3239.132 Safari/537.36\"\n","level":"info"}
{"message":"::1 - - [18/Jan/2018:21:18:34 +0000] \"GET /setup HTTP/1.1\" 304 - \"-\" \"Mozilla/5.0 (Windows NT 10.0; Win64; x64) AppleWebKit/537.36 (KHTML, like Gecko) Chrome/63.0.3239.132 Safari/537.36\"\n","level":"info"}
{"message":"::1 - - [18/Jan/2018:21:19:49 +0000] \"GET /setup HTTP/1.1\" 304 - \"-\" \"Mozilla/5.0 (Windows NT 10.0; Win64; x64) AppleWebKit/537.36 (KHTML, like Gecko) Chrome/63.0.3239.132 Safari/537.36\"\n","level":"info"}
{"message":"Listening on port 3001","level":"info"}
{"message":"::1 - - [18/Jan/2018:21:21:03 +0000] \"GET /setup HTTP/1.1\" 500 44 \"-\" \"Mozilla/5.0 (Windows NT 10.0; Win64; x64) AppleWebKit/537.36 (KHTML, like Gecko) Chrome/63.0.3239.132 Safari/537.36\"\n","level":"info"}
{"message":"::1 - - [18/Jan/2018:21:21:30 +0000] \"GET /setup HTTP/1.1\" 500 33 \"-\" \"Mozilla/5.0 (Windows NT 10.0; Win64; x64) AppleWebKit/537.36 (KHTML, like Gecko) Chrome/63.0.3239.132 Safari/537.36\"\n","level":"info"}
{"message":"Listening on port 3001","level":"info"}
{"message":"Listening on port 3001","level":"info"}
{"message":"::1 - - [18/Jan/2018:21:27:47 +0000] \"GET /setup HTTP/1.1\" 500 44 \"-\" \"Mozilla/5.0 (Windows NT 10.0; Win64; x64) AppleWebKit/537.36 (KHTML, like Gecko) Chrome/63.0.3239.132 Safari/537.36\"\n","level":"info"}
{"message":"::1 - - [18/Jan/2018:21:27:57 +0000] \"GET /setup HTTP/1.1\" 500 44 \"-\" \"Mozilla/5.0 (Windows NT 10.0; Win64; x64) AppleWebKit/537.36 (KHTML, like Gecko) Chrome/63.0.3239.132 Safari/537.36\"\n","level":"info"}
{"message":"Listening on port 3001","level":"info"}
{"message":"::1 - - [18/Jan/2018:21:29:33 +0000] \"GET /setup HTTP/1.1\" 500 44 \"-\" \"Mozilla/5.0 (Windows NT 10.0; Win64; x64) AppleWebKit/537.36 (KHTML, like Gecko) Chrome/63.0.3239.132 Safari/537.36\"\n","level":"info"}
{"message":"::1 - - [18/Jan/2018:21:29:48 +0000] \"GET /setup HTTP/1.1\" 500 44 \"-\" \"Mozilla/5.0 (Windows NT 10.0; Win64; x64) AppleWebKit/537.36 (KHTML, like Gecko) Chrome/63.0.3239.132 Safari/537.36\"\n","level":"info"}
{"message":"Listening on port 3001","level":"info"}
{"message":"::1 - - [18/Jan/2018:21:30:28 +0000] \"GET /setup HTTP/1.1\" 500 44 \"-\" \"Mozilla/5.0 (Windows NT 10.0; Win64; x64) AppleWebKit/537.36 (KHTML, like Gecko) Chrome/63.0.3239.132 Safari/537.36\"\n","level":"info"}
{"message":"::1 - - [18/Jan/2018:21:30:46 +0000] \"GET /setup HTTP/1.1\" 500 44 \"-\" \"Mozilla/5.0 (Windows NT 10.0; Win64; x64) AppleWebKit/537.36 (KHTML, like Gecko) Chrome/63.0.3239.132 Safari/537.36\"\n","level":"info"}
{"message":"Listening on port 3001","level":"info"}
{"message":"::1 - - [18/Jan/2018:21:32:52 +0000] \"GET /setup HTTP/1.1\" 200 36 \"-\" \"Mozilla/5.0 (Windows NT 10.0; Win64; x64) AppleWebKit/537.36 (KHTML, like Gecko) Chrome/63.0.3239.132 Safari/537.36\"\n","level":"info"}
{"message":"::1 - - [18/Jan/2018:21:33:33 +0000] \"GET /setup HTTP/1.1\" 304 - \"-\" \"Mozilla/5.0 (Windows NT 10.0; Win64; x64) AppleWebKit/537.36 (KHTML, like Gecko) Chrome/63.0.3239.132 Safari/537.36\"\n","level":"info"}
{"message":"Listening on port 3001","level":"info"}
{"message":"::1 - - [18/Jan/2018:21:35:08 +0000] \"GET /setup HTTP/1.1\" 304 - \"-\" \"Mozilla/5.0 (Windows NT 10.0; Win64; x64) AppleWebKit/537.36 (KHTML, like Gecko) Chrome/63.0.3239.132 Safari/537.36\"\n","level":"info"}
{"message":"Listening on port 3001","level":"info"}
{"message":"::1 - - [18/Jan/2018:21:38:23 +0000] \"GET /setup HTTP/1.1\" 304 - \"-\" \"Mozilla/5.0 (Windows NT 10.0; Win64; x64) AppleWebKit/537.36 (KHTML, like Gecko) Chrome/63.0.3239.132 Safari/537.36\"\n","level":"info"}
{"message":"::1 - - [18/Jan/2018:21:38:37 +0000] \"GET /setup HTTP/1.1\" 500 33 \"-\" \"Mozilla/5.0 (Windows NT 10.0; Win64; x64) AppleWebKit/537.36 (KHTML, like Gecko) Chrome/63.0.3239.132 Safari/537.36\"\n","level":"info"}
{"message":"Listening on port 3001","level":"info"}
{"message":"::1 - - [18/Jan/2018:21:39:45 +0000] \"GET /setup HTTP/1.1\" 200 36 \"-\" \"Mozilla/5.0 (Windows NT 10.0; Win64; x64) AppleWebKit/537.36 (KHTML, like Gecko) Chrome/63.0.3239.132 Safari/537.36\"\n","level":"info"}
{"message":"::1 - - [18/Jan/2018:21:39:48 +0000] \"GET /setup HTTP/1.1\" 304 - \"-\" \"Mozilla/5.0 (Windows NT 10.0; Win64; x64) AppleWebKit/537.36 (KHTML, like Gecko) Chrome/63.0.3239.132 Safari/537.36\"\n","level":"info"}
{"message":"::1 - - [18/Jan/2018:21:39:50 +0000] \"GET /setup HTTP/1.1\" 304 - \"-\" \"Mozilla/5.0 (Windows NT 10.0; Win64; x64) AppleWebKit/537.36 (KHTML, like Gecko) Chrome/63.0.3239.132 Safari/537.36\"\n","level":"info"}
{"message":"::1 - - [18/Jan/2018:21:39:51 +0000] \"GET /setup HTTP/1.1\" 304 - \"-\" \"Mozilla/5.0 (Windows NT 10.0; Win64; x64) AppleWebKit/537.36 (KHTML, like Gecko) Chrome/63.0.3239.132 Safari/537.36\"\n","level":"info"}
{"message":"Listening on port 3001","level":"info"}
{"message":"::1 - - [18/Jan/2018:21:42:40 +0000] \"GET /setup HTTP/1.1\" 200 2631 \"-\" \"Mozilla/5.0 (Windows NT 10.0; Win64; x64) AppleWebKit/537.36 (KHTML, like Gecko) Chrome/63.0.3239.132 Safari/537.36\"\n","level":"info"}
{"message":"Listening on port 3001","level":"info"}
{"message":"::1 - - [18/Jan/2018:21:52:05 +0000] \"GET /setup HTTP/1.1\" 200 36 \"-\" \"Mozilla/5.0 (Windows NT 10.0; Win64; x64) AppleWebKit/537.36 (KHTML, like Gecko) Chrome/63.0.3239.132 Safari/537.36\"\n","level":"info"}
{"message":"::1 - - [18/Jan/2018:21:52:10 +0000] \"GET /setup HTTP/1.1\" 304 - \"-\" \"Mozilla/5.0 (Windows NT 10.0; Win64; x64) AppleWebKit/537.36 (KHTML, like Gecko) Chrome/63.0.3239.132 Safari/537.36\"\n","level":"info"}
{"message":"::1 - - [18/Jan/2018:21:52:11 +0000] \"GET /setup HTTP/1.1\" 304 - \"-\" \"Mozilla/5.0 (Windows NT 10.0; Win64; x64) AppleWebKit/537.36 (KHTML, like Gecko) Chrome/63.0.3239.132 Safari/537.36\"\n","level":"info"}
{"message":"::1 - - [18/Jan/2018:21:52:12 +0000] \"GET /setup HTTP/1.1\" 304 - \"-\" \"Mozilla/5.0 (Windows NT 10.0; Win64; x64) AppleWebKit/537.36 (KHTML, like Gecko) Chrome/63.0.3239.132 Safari/537.36\"\n","level":"info"}
{"message":"::1 - - [18/Jan/2018:21:52:12 +0000] \"GET /setup HTTP/1.1\" 304 - \"-\" \"Mozilla/5.0 (Windows NT 10.0; Win64; x64) AppleWebKit/537.36 (KHTML, like Gecko) Chrome/63.0.3239.132 Safari/537.36\"\n","level":"info"}
{"message":"::1 - - [18/Jan/2018:21:52:14 +0000] \"GET /setup HTTP/1.1\" 304 - \"-\" \"Mozilla/5.0 (Windows NT 10.0; Win64; x64) AppleWebKit/537.36 (KHTML, like Gecko) Chrome/63.0.3239.132 Safari/537.36\"\n","level":"info"}
{"message":"Listening on port 3001","level":"info"}
{"message":"::1 - - [21/Jan/2018:09:10:05 +0000] \"GET /quizzes HTTP/1.1\" 200 520 \"-\" \"Mozilla/5.0 (Windows NT 10.0; Win64; x64) AppleWebKit/537.36 (KHTML, like Gecko) Chrome/63.0.3239.132 Safari/537.36\"\n","level":"info"}
{"message":"::1 - - [21/Jan/2018:09:10:06 +0000] \"GET /favicon.ico HTTP/1.1\" 404 150 \"http://localhost:3001/quizzes\" \"Mozilla/5.0 (Windows NT 10.0; Win64; x64) AppleWebKit/537.36 (KHTML, like Gecko) Chrome/63.0.3239.132 Safari/537.36\"\n","level":"info"}
{"name":"MongoNetworkError","message":"failed to connect to server [docker.for.windows.localhost:27017] on first connect [MongoNetworkError: getaddrinfo ENOTFOUND docker.for.windows.localhost docker.for.windows.localhost:27017]","level":"error"}
{"message":"Listening on port 3001","level":"info"}
{"message":"::1 - - [21/Jan/2018:09:49:51 +0000] \"GET /quizzes HTTP/1.1\" 304 - \"-\" \"Mozilla/5.0 (Windows NT 10.0; Win64; x64) AppleWebKit/537.36 (KHTML, like Gecko) Chrome/63.0.3239.132 Safari/537.36\"\n","level":"info"}
{"message":"::1 - - [21/Jan/2018:09:50:06 +0000] \"GET /sutup HTTP/1.1\" 404 144 \"-\" \"Mozilla/5.0 (Windows NT 10.0; Win64; x64) AppleWebKit/537.36 (KHTML, like Gecko) Chrome/63.0.3239.132 Safari/537.36\"\n","level":"info"}
{"message":"::1 - - [21/Jan/2018:09:50:11 +0000] \"GET /setup HTTP/1.1\" 304 - \"-\" \"Mozilla/5.0 (Windows NT 10.0; Win64; x64) AppleWebKit/537.36 (KHTML, like Gecko) Chrome/63.0.3239.132 Safari/537.36\"\n","level":"info"}
{"name":"MongoNetworkError","message":"failed to connect to server [0.0.0.0:27017] on first connect [MongoNetworkError: connect EADDRNOTAVAIL 0.0.0.0:27017]","level":"error"}
{"message":"Listening on port 3001","level":"info"}
{"name":"MongoNetworkError","message":"failed to connect to server [localhost:27017] on first connect [MongoNetworkError: connect ECONNREFUSED 127.0.0.1:27017]","level":"error"}
{"message":"Listening on port 3001","level":"info"}
{"message":"Listening on port 3001","level":"info"}
{"message":"::1 - - [21/Jan/2018:11:49:57 +0000] \"GET /quizzes HTTP/1.1\" 200 2 \"-\" \"Mozilla/5.0 (Windows NT 10.0; Win64; x64) AppleWebKit/537.36 (KHTML, like Gecko) Chrome/63.0.3239.132 Safari/537.36\"\n","level":"info"}
{"message":"::1 - - [21/Jan/2018:11:49:58 +0000] \"GET /favicon.ico HTTP/1.1\" 404 150 \"http://localhost:3001/quizzes\" \"Mozilla/5.0 (Windows NT 10.0; Win64; x64) AppleWebKit/537.36 (KHTML, like Gecko) Chrome/63.0.3239.132 Safari/537.36\"\n","level":"info"}
{"name":"MongoNetworkError","message":"failed to connect to server [0.0.0.0:27017] on first connect [MongoNetworkError: connect EADDRNOTAVAIL 0.0.0.0:27017]","level":"error"}
{"name":"MongoNetworkError","message":"failed to connect to server [0.0.0.0:27017] on first connect [MongoNetworkError: connect EADDRNOTAVAIL 0.0.0.0:27017]","level":"error"}
{"message":"Listening on port 3001","level":"info"}
{"message":"Listening on port 3001","level":"info"}
{"message":"Listening on port 3001","level":"info"}
{"message":"Listening on port 3001","level":"info"}
{"message":"Listening on port 3001","level":"info"}
{"message":"Listening on port 3001","level":"info"}
{"message":"Listening on port 3001","level":"info"}
{"message":"Listening on port 3001","level":"info"}
{"message":"Listening on port 3001","level":"info"}
{"message":"::1 - - [21/Jan/2018:13:06:46 +0000] \"GET /setup?clear=false HTTP/1.1\" 200 2631 \"-\" \"Mozilla/5.0 (Windows NT 10.0; Win64; x64) AppleWebKit/537.36 (KHTML, like Gecko) Chrome/63.0.3239.132 Safari/537.36\"\n","level":"info"}
{"message":"::1 - - [21/Jan/2018:13:07:09 +0000] \"GET /setup?clear=false HTTP/1.1\" 200 36 \"-\" \"Mozilla/5.0 (Windows NT 10.0; Win64; x64) AppleWebKit/537.36 (KHTML, like Gecko) Chrome/63.0.3239.132 Safari/537.36\"\n","level":"info"}
{"message":"::1 - - [21/Jan/2018:13:07:25 +0000] \"GET /setup?clear=true HTTP/1.1\" 200 2631 \"-\" \"Mozilla/5.0 (Windows NT 10.0; Win64; x64) AppleWebKit/537.36 (KHTML, like Gecko) Chrome/63.0.3239.132 Safari/537.36\"\n","level":"info"}
